<?xml version="1.0" encoding="UTF-8"?>
<testsuites tests="3" failures="0" disabled="0" errors="0" time="0.385" timestamp="2023-09-13T11:04:41" name="AllTests">
  <testsuite name="UrRtdeDriver" tests="3" failures="0" disabled="0" errors="0" time="0.385" timestamp="2023-09-13T11:04:41">
    <testcase name="ur10_fw_kinematics_ideal" status="run" result="completed" time="0" timestamp="2023-09-13T11:04:41" classname="UrRtdeDriver" />
    <testcase name="ur10_fw_kinematics_real" status="run" result="completed" time="0.001" timestamp="2023-09-13T11:04:41" classname="UrRtdeDriver" />
    <testcase name="calibration" status="run" result="completed" time="0.384" timestamp="2023-09-13T11:04:41" classname="UrRtdeDriver" />
  </testsuite>
</testsuites>
