<?xml version="1.0" encoding="utf-8"?>
<testsuite errors="0" failures="1" name="unittest.suite.TestSuite" tests="1" time="16.638"><testcase classname="rostest.runner.RosTest" name="testintegration test" time="16.6377"><failure type="AssertionError">False is not true : test [integration test] did not generate test results
  File "/usr/lib/python3.8/unittest/case.py", line 60, in testPartExecutor
    yield
  File "/usr/lib/python3.8/unittest/case.py", line 676, in run
    self._callTestMethod(testMethod)
  File "/usr/lib/python3.8/unittest/case.py", line 633, in _callTestMethod
    method()
  File "/opt/ros/noetic/lib/python3/dist-packages/rostest/runner.py", line 164, in fn
    self.assert_(os.path.isfile(test_file), "test [%s] did not generate test results"%test_name)
  File "/usr/lib/python3.8/unittest/case.py", line 1410, in deprecated_func
    return original_func(*args, **kwargs)
  File "/usr/lib/python3.8/unittest/case.py", line 765, in assertTrue
    raise self.failureException(msg)
</failure></testcase><system-out>&lt;![CDATA[
[ROSTEST]setup[/home/kathan/catkin_ws/src/Universal_Robots_ROS_Driver/ur_robot_driver/test/driver.test] run_id[4419599c-51f7-11ee-b3e2-09615266a451] starting
&amp;#x001B;[1mstarted roslaunch server http://Ubuntu20:34477/&amp;#x001B;[0m

SUMMARY
========

PARAMETERS
 * /controller_stopper/consistent_controllers: ['joint_state_con...
 * /force_torque_sensor_controller/publish_rate: 500
 * /force_torque_sensor_controller/type: force_torque_sens...
 * /forward_cartesian_traj_controller/joints: ['shoulder_pan_jo...
 * /forward_cartesian_traj_controller/type: pass_through_cont...
 * /forward_joint_traj_controller/joints: ['shoulder_pan_jo...
 * /forward_joint_traj_controller/type: pass_through_cont...
 * /hardware_control_loop/loop_hz: 500
 * /joint_based_cartesian_traj_controller/base: base
 * /joint_based_cartesian_traj_controller/joints: ['shoulder_pan_jo...
 * /joint_based_cartesian_traj_controller/tip: tool0
 * /joint_based_cartesian_traj_controller/type: position_controll...
 * /joint_group_vel_controller/joints: ['shoulder_pan_jo...
 * /joint_group_vel_controller/type: velocity_controll...
 * /joint_state_controller/publish_rate: 500
 * /joint_state_controller/type: joint_state_contr...
 * /pos_joint_traj_controller/action_monitor_rate: 20
 * /pos_joint_traj_controller/constraints/elbow_joint/goal: 0.1
 * /pos_joint_traj_controller/constraints/elbow_joint/trajectory: 0.2
 * /pos_joint_traj_controller/constraints/goal_time: 0.6
 * /pos_joint_traj_controller/constraints/shoulder_lift_joint/goal: 0.1
 * /pos_joint_traj_controller/constraints/shoulder_lift_joint/trajectory: 0.2
 * /pos_joint_traj_controller/constraints/shoulder_pan_joint/goal: 0.1
 * /pos_joint_traj_controller/constraints/shoulder_pan_joint/trajectory: 0.2
 * /pos_joint_traj_controller/constraints/stopped_velocity_tolerance: 0.05
 * /pos_joint_traj_controller/constraints/wrist_1_joint/goal: 0.1
 * /pos_joint_traj_controller/constraints/wrist_1_joint/trajectory: 0.2
 * /pos_joint_traj_controller/constraints/wrist_2_joint/goal: 0.1
 * /pos_joint_traj_controller/constraints/wrist_2_joint/trajectory: 0.2
 * /pos_joint_traj_controller/constraints/wrist_3_joint/goal: 0.1
 * /pos_joint_traj_controller/constraints/wrist_3_joint/trajectory: 0.2
 * /pos_joint_traj_controller/joints: ['shoulder_pan_jo...
 * /pos_joint_traj_controller/state_publish_rate: 500
 * /pos_joint_traj_controller/stop_trajectory_duration: 0.5
 * /pos_joint_traj_controller/type: position_controll...
 * /pose_based_cartesian_traj_controller/base: base
 * /pose_based_cartesian_traj_controller/joints: ['shoulder_pan_jo...
 * /pose_based_cartesian_traj_controller/tip: tool0_controller
 * /pose_based_cartesian_traj_controller/type: pose_controllers/...
 * /robot_description: &lt;?xml version="1....
 * /robot_status_controller/handle_name: industrial_robot_...
 * /robot_status_controller/publish_rate: 10
 * /robot_status_controller/type: industrial_robot_...
 * /rosdistro: noetic
 * /rosversion: 1.16.0
 * /scaled_pos_joint_traj_controller/action_monitor_rate: 20
 * /scaled_pos_joint_traj_controller/constraints/elbow_joint/goal: 0.1
 * /scaled_pos_joint_traj_controller/constraints/elbow_joint/trajectory: 0.2
 * /scaled_pos_joint_traj_controller/constraints/goal_time: 0.6
 * /scaled_pos_joint_traj_controller/constraints/shoulder_lift_joint/goal: 0.1
 * /scaled_pos_joint_traj_controller/constraints/shoulder_lift_joint/trajectory: 0.2
 * /scaled_pos_joint_traj_controller/constraints/shoulder_pan_joint/goal: 0.1
 * /scaled_pos_joint_traj_controller/constraints/shoulder_pan_joint/trajectory: 0.2
 * /scaled_pos_joint_traj_controller/constraints/stopped_velocity_tolerance: 0.05
 * /scaled_pos_joint_traj_controller/constraints/wrist_1_joint/goal: 0.1
 * /scaled_pos_joint_traj_controller/constraints/wrist_1_joint/trajectory: 0.2
 * /scaled_pos_joint_traj_controller/constraints/wrist_2_joint/goal: 0.1
 * /scaled_pos_joint_traj_controller/constraints/wrist_2_joint/trajectory: 0.2
 * /scaled_pos_joint_traj_controller/constraints/wrist_3_joint/goal: 0.1
 * /scaled_pos_joint_traj_controller/constraints/wrist_3_joint/trajectory: 0.2
 * /scaled_pos_joint_traj_controller/joints: ['shoulder_pan_jo...
 * /scaled_pos_joint_traj_controller/state_publish_rate: 500
 * /scaled_pos_joint_traj_controller/stop_trajectory_duration: 0.5
 * /scaled_pos_joint_traj_controller/type: position_controll...
 * /scaled_vel_joint_traj_controller/action_monitor_rate: 20
 * /scaled_vel_joint_traj_controller/constraints/elbow_joint/goal: 0.1
 * /scaled_vel_joint_traj_controller/constraints/elbow_joint/trajectory: 0.1
 * /scaled_vel_joint_traj_controller/constraints/goal_time: 0.6
 * /scaled_vel_joint_traj_controller/constraints/shoulder_lift_joint/goal: 0.1
 * /scaled_vel_joint_traj_controller/constraints/shoulder_lift_joint/trajectory: 0.1
 * /scaled_vel_joint_traj_controller/constraints/shoulder_pan_joint/goal: 0.1
 * /scaled_vel_joint_traj_controller/constraints/shoulder_pan_joint/trajectory: 0.1
 * /scaled_vel_joint_traj_controller/constraints/stopped_velocity_tolerance: 0.05
 * /scaled_vel_joint_traj_controller/constraints/wrist_1_joint/goal: 0.1
 * /scaled_vel_joint_traj_controller/constraints/wrist_1_joint/trajectory: 0.1
 * /scaled_vel_joint_traj_controller/constraints/wrist_2_joint/goal: 0.1
 * /scaled_vel_joint_traj_controller/constraints/wrist_2_joint/trajectory: 0.1
 * /scaled_vel_joint_traj_controller/constraints/wrist_3_joint/goal: 0.1
 * /scaled_vel_joint_traj_controller/constraints/wrist_3_joint/trajectory: 0.1
 * /scaled_vel_joint_traj_controller/gains/elbow_joint/d: 0.1
 * /scaled_vel_joint_traj_controller/gains/elbow_joint/i: 0.05
 * /scaled_vel_joint_traj_controller/gains/elbow_joint/i_clamp: 1
 * /scaled_vel_joint_traj_controller/gains/elbow_joint/p: 5.0
 * /scaled_vel_joint_traj_controller/gains/shoulder_lift_joint/d: 0.1
 * /scaled_vel_joint_traj_controller/gains/shoulder_lift_joint/i: 0.05
 * /scaled_vel_joint_traj_controller/gains/shoulder_lift_joint/i_clamp: 1
 * /scaled_vel_joint_traj_controller/gains/shoulder_lift_joint/p: 5.0
 * /scaled_vel_joint_traj_controller/gains/shoulder_pan_joint/d: 0.1
 * /scaled_vel_joint_traj_controller/gains/shoulder_pan_joint/i: 0.05
 * /scaled_vel_joint_traj_controller/gains/shoulder_pan_joint/i_clamp: 1
 * /scaled_vel_joint_traj_controller/gains/shoulder_pan_joint/p: 5.0
 * /scaled_vel_joint_traj_controller/gains/wrist_1_joint/d: 0.1
 * /scaled_vel_joint_traj_controller/gains/wrist_1_joint/i: 0.05
 * /scaled_vel_joint_traj_controller/gains/wrist_1_joint/i_clamp: 1
 * /scaled_vel_joint_traj_controller/gains/wrist_1_joint/p: 5.0
 * /scaled_vel_joint_traj_controller/gains/wrist_2_joint/d: 0.1
 * /scaled_vel_joint_traj_controller/gains/wrist_2_joint/i: 0.05
 * /scaled_vel_joint_traj_controller/gains/wrist_2_joint/i_clamp: 1
 * /scaled_vel_joint_traj_controller/gains/wrist_2_joint/p: 5.0
 * /scaled_vel_joint_traj_controller/gains/wrist_3_joint/d: 0.1
 * /scaled_vel_joint_traj_controller/gains/wrist_3_joint/i: 0.05
 * /scaled_vel_joint_traj_controller/gains/wrist_3_joint/i_clamp: 1
 * /scaled_vel_joint_traj_controller/gains/wrist_3_joint/p: 5.0
 * /scaled_vel_joint_traj_controller/joints: ['shoulder_pan_jo...
 * /scaled_vel_joint_traj_controller/state_publish_rate: 500
 * /scaled_vel_joint_traj_controller/stop_trajectory_duration: 0.5
 * /scaled_vel_joint_traj_controller/type: velocity_controll...
 * /scaled_vel_joint_traj_controller/velocity_ff/elbow_joint: 1.0
 * /scaled_vel_joint_traj_controller/velocity_ff/shoulder_lift_joint: 1.0
 * /scaled_vel_joint_traj_controller/velocity_ff/shoulder_pan_joint: 1.0
 * /scaled_vel_joint_traj_controller/velocity_ff/wrist_1_joint: 1.0
 * /scaled_vel_joint_traj_controller/velocity_ff/wrist_2_joint: 1.0
 * /scaled_vel_joint_traj_controller/velocity_ff/wrist_3_joint: 1.0
 * /speed_scaling_state_controller/publish_rate: 500
 * /speed_scaling_state_controller/type: scaled_controller...
 * /twist_controller/frame_id: tool0_controller
 * /twist_controller/joints: ['shoulder_pan_jo...
 * /twist_controller/publish_rate: 500
 * /twist_controller/type: ros_controllers_c...
 * /ur_hardware_interface/headless_mode: True
 * /ur_hardware_interface/input_recipe_file: /home/kathan/catk...
 * /ur_hardware_interface/joints: ['shoulder_pan_jo...
 * /ur_hardware_interface/kinematics/forearm/pitch: 0
 * /ur_hardware_interface/kinematics/forearm/roll: 0
 * /ur_hardware_interface/kinematics/forearm/x: -0.425
 * /ur_hardware_interface/kinematics/forearm/y: 0
 * /ur_hardware_interface/kinematics/forearm/yaw: 0
 * /ur_hardware_interface/kinematics/forearm/z: 0
 * /ur_hardware_interface/kinematics/hash: calib_12788084448...
 * /ur_hardware_interface/kinematics/shoulder/pitch: 0
 * /ur_hardware_interface/kinematics/shoulder/roll: 0
 * /ur_hardware_interface/kinematics/shoulder/x: 0
 * /ur_hardware_interface/kinematics/shoulder/y: 0
 * /ur_hardware_interface/kinematics/shoulder/yaw: 0
 * /ur_hardware_interface/kinematics/shoulder/z: 0.1625
 * /ur_hardware_interface/kinematics/upper_arm/pitch: 0
 * /ur_hardware_interface/kinematics/upper_arm/roll: 1.570796327
 * /ur_hardware_interface/kinematics/upper_arm/x: 0
 * /ur_hardware_interface/kinematics/upper_arm/y: 0
 * /ur_hardware_interface/kinematics/upper_arm/yaw: 0
 * /ur_hardware_interface/kinematics/upper_arm/z: 0
 * /ur_hardware_interface/kinematics/wrist_1/pitch: 0
 * /ur_hardware_interface/kinematics/wrist_1/roll: 0
 * /ur_hardware_interface/kinematics/wrist_1/x: -0.3922
 * /ur_hardware_interface/kinematics/wrist_1/y: 0
 * /ur_hardware_interface/kinematics/wrist_1/yaw: 0
 * /ur_hardware_interface/kinematics/wrist_1/z: 0.1333
 * /ur_hardware_interface/kinematics/wrist_2/pitch: 0
 * /ur_hardware_interface/kinematics/wrist_2/roll: 1.570796327
 * /ur_hardware_interface/kinematics/wrist_2/x: 0
 * /ur_hardware_interface/kinematics/wrist_2/y: -0.0997
 * /ur_hardware_interface/kinematics/wrist_2/yaw: 0
 * /ur_hardware_interface/kinematics/wrist_2/z: -2.04488118229785...
 * /ur_hardware_interface/kinematics/wrist_3/pitch: 3.141592653589793
 * /ur_hardware_interface/kinematics/wrist_3/roll: 1.570796326589793
 * /ur_hardware_interface/kinematics/wrist_3/x: 0
 * /ur_hardware_interface/kinematics/wrist_3/y: 0.0996
 * /ur_hardware_interface/kinematics/wrist_3/yaw: 3.141592653589793
 * /ur_hardware_interface/kinematics/wrist_3/z: -2.04283014801269...
 * /ur_hardware_interface/output_recipe_file: /home/kathan/catk...
 * /ur_hardware_interface/reverse_ip: 
 * /ur_hardware_interface/reverse_port: 50001
 * /ur_hardware_interface/robot_ip: 192.168.56.101
 * /ur_hardware_interface/script_command_port: 50004
 * /ur_hardware_interface/script_file: /opt/ros/noetic/s...
 * /ur_hardware_interface/script_sender_port: 50002
 * /ur_hardware_interface/servoj_gain: 2000
 * /ur_hardware_interface/servoj_lookahead_time: 0.03
 * /ur_hardware_interface/tf_prefix: 
 * /ur_hardware_interface/tool_baud_rate: 115200
 * /ur_hardware_interface/tool_parity: 0
 * /ur_hardware_interface/tool_rx_idle_chars: 1.5
 * /ur_hardware_interface/tool_stop_bits: 1
 * /ur_hardware_interface/tool_tx_idle_chars: 3.5
 * /ur_hardware_interface/tool_voltage: 0
 * /ur_hardware_interface/trajectory_port: 50003
 * /ur_hardware_interface/use_tool_communication: False
 * /vel_joint_traj_controller/action_monitor_rate: 20
 * /vel_joint_traj_controller/constraints/elbow_joint/goal: 0.1
 * /vel_joint_traj_controller/constraints/elbow_joint/trajectory: 0.1
 * /vel_joint_traj_controller/constraints/goal_time: 0.6
 * /vel_joint_traj_controller/constraints/shoulder_lift_joint/goal: 0.1
 * /vel_joint_traj_controller/constraints/shoulder_lift_joint/trajectory: 0.1
 * /vel_joint_traj_controller/constraints/shoulder_pan_joint/goal: 0.1
 * /vel_joint_traj_controller/constraints/shoulder_pan_joint/trajectory: 0.1
 * /vel_joint_traj_controller/constraints/stopped_velocity_tolerance: 0.05
 * /vel_joint_traj_controller/constraints/wrist_1_joint/goal: 0.1
 * /vel_joint_traj_controller/constraints/wrist_1_joint/trajectory: 0.1
 * /vel_joint_traj_controller/constraints/wrist_2_joint/goal: 0.1
 * /vel_joint_traj_controller/constraints/wrist_2_joint/trajectory: 0.1
 * /vel_joint_traj_controller/constraints/wrist_3_joint/goal: 0.1
 * /vel_joint_traj_controller/constraints/wrist_3_joint/trajectory: 0.1
 * /vel_joint_traj_controller/gains/elbow_joint/d: 0.1
 * /vel_joint_traj_controller/gains/elbow_joint/i: 0.05
 * /vel_joint_traj_controller/gains/elbow_joint/i_clamp: 1
 * /vel_joint_traj_controller/gains/elbow_joint/p: 5.0
 * /vel_joint_traj_controller/gains/shoulder_lift_joint/d: 0.1
 * /vel_joint_traj_controller/gains/shoulder_lift_joint/i: 0.05
 * /vel_joint_traj_controller/gains/shoulder_lift_joint/i_clamp: 1
 * /vel_joint_traj_controller/gains/shoulder_lift_joint/p: 5.0
 * /vel_joint_traj_controller/gains/shoulder_pan_joint/d: 0.1
 * /vel_joint_traj_controller/gains/shoulder_pan_joint/i: 0.05
 * /vel_joint_traj_controller/gains/shoulder_pan_joint/i_clamp: 1
 * /vel_joint_traj_controller/gains/shoulder_pan_joint/p: 5.0
 * /vel_joint_traj_controller/gains/wrist_1_joint/d: 0.1
 * /vel_joint_traj_controller/gains/wrist_1_joint/i: 0.05
 * /vel_joint_traj_controller/gains/wrist_1_joint/i_clamp: 1
 * /vel_joint_traj_controller/gains/wrist_1_joint/p: 5.0
 * /vel_joint_traj_controller/gains/wrist_2_joint/d: 0.1
 * /vel_joint_traj_controller/gains/wrist_2_joint/i: 0.05
 * /vel_joint_traj_controller/gains/wrist_2_joint/i_clamp: 1
 * /vel_joint_traj_controller/gains/wrist_2_joint/p: 5.0
 * /vel_joint_traj_controller/gains/wrist_3_joint/d: 0.1
 * /vel_joint_traj_controller/gains/wrist_3_joint/i: 0.05
 * /vel_joint_traj_controller/gains/wrist_3_joint/i_clamp: 1
 * /vel_joint_traj_controller/gains/wrist_3_joint/p: 5.0
 * /vel_joint_traj_controller/joints: ['shoulder_pan_jo...
 * /vel_joint_traj_controller/state_publish_rate: 500
 * /vel_joint_traj_controller/stop_trajectory_duration: 0.5
 * /vel_joint_traj_controller/type: velocity_controll...
 * /vel_joint_traj_controller/velocity_ff/elbow_joint: 1.0
 * /vel_joint_traj_controller/velocity_ff/shoulder_lift_joint: 1.0
 * /vel_joint_traj_controller/velocity_ff/shoulder_pan_joint: 1.0
 * /vel_joint_traj_controller/velocity_ff/wrist_1_joint: 1.0
 * /vel_joint_traj_controller/velocity_ff/wrist_2_joint: 1.0
 * /vel_joint_traj_controller/velocity_ff/wrist_3_joint: 1.0

NODES
  /
    controller_stopper (ur_robot_driver/controller_stopper_node)
    robot_state_publisher (robot_state_publisher/robot_state_publisher)
    ros_control_controller_spawner (controller_manager/spawner)
    ros_control_stopped_spawner (controller_manager/spawner)
    ur_hardware_interface (ur_robot_driver/ur_robot_driver_node)
  /ur_hardware_interface/
    ur_robot_state_helper (ur_robot_driver/robot_state_helper)

[ROSTEST]setup[/home/kathan/catkin_ws/src/Universal_Robots_ROS_Driver/ur_robot_driver/test/driver.test] run_id[4419599c-51f7-11ee-b3e2-09615266a451] done
[ROSTEST]Running test [integration test]
&amp;#x001B;[1mROS_MASTER_URI=http://Ubuntu20:38099/&amp;#x001B;[0m
&amp;#x001B;[1msetting /run_id to 4419599c-51f7-11ee-b3e2-09615266a451&amp;#x001B;[0m
&amp;#x001B;[1mprocess[robot_state_publisher-1]: started with pid [9985]&amp;#x001B;[0m
&amp;#x001B;[1mprocess[ur_hardware_interface-2]: started with pid [9986]&amp;#x001B;[0m
&amp;#x001B;[1mprocess[ros_control_controller_spawner-3]: started with pid [9987]&amp;#x001B;[0m
&amp;#x001B;[1mprocess[ros_control_stopped_spawner-4]: started with pid [9988]&amp;#x001B;[0m
&amp;#x001B;[1mprocess[controller_stopper-5]: started with pid [9989]&amp;#x001B;[0m
&amp;#x001B;[1mprocess[ur_hardware_interface/ur_robot_state_helper-6]: started with pid [9995]&amp;#x001B;[0m
[ROSTEST]running test integration test
&amp;#x001B;[1mprocess[integration_test-7]: started with pid [10005]&amp;#x001B;[0m
[ROSTEST]test [integration test] finished
[ROSTEST]tearDown[/home/kathan/catkin_ws/src/Universal_Robots_ROS_Driver/ur_robot_driver/test/driver.test]
shutting down processing monitor...
[ur_hardware_interface/ur_robot_state_helper-6] killing on exit
[controller_stopper-5] killing on exit
[ros_control_controller_spawner-3] killing on exit
[ros_control_stopped_spawner-4] killing on exit
[robot_state_publisher-1] killing on exit
[ur_hardware_interface-2] killing on exit
... shutting down processing monitor complete
[ROSTEST]rostest teardown /home/kathan/catkin_ws/src/Universal_Robots_ROS_Driver/ur_robot_driver/test/driver.test complete

]]&gt;</system-out><system-err>&lt;![CDATA[
&amp;#x001B;[31m[integration_test-7] process has died [pid 10005, exit code 1, cmd /home/kathan/catkin_ws/src/Universal_Robots_ROS_Driver/ur_robot_driver/test/integration_test.py --gtest_output=xml:/home/kathan/catkin_ws/build/test_results/ur_robot_driver/rosunit-integration_test.xml follow_joint_trajectory:=/scaled_pos_joint_traj_controller/follow_joint_trajectory forward_cartesian_trajectory:=/forward_cartesian_traj_controller/follow_cartesian_trajectory forward_joint_trajectory:=/forward_joint_traj_controller/follow_joint_trajectory follow_cartesian_trajectory:=/pose_based_cartesian_traj_controller/follow_cartesian_trajectory __name:=integration_test __log:=/home/kathan/.ros/log/4419599c-51f7-11ee-b3e2-09615266a451/integration_test-7.log].
log file: /home/kathan/.ros/log/4419599c-51f7-11ee-b3e2-09615266a451/integration_test-7*.log&amp;#x001B;[0m
&amp;#x001B;[31m[controller_stopper-5] escalating to SIGTERM&amp;#x001B;[0m

]]&gt;</system-err></testsuite>